{
  "RSpec": {
    "coverage": {
      "/Users/nguyenhuuloc/Documents/pr_knowledge_hub_implementation/app/helpers/application_helper.rb": {
        "lines": [
          1,
          null
        ]
      },
      "/Users/nguyenhuuloc/Documents/pr_knowledge_hub_implementation/app/controllers/dashboard_controller.rb": {
        "lines": [
          1,
          1,
          12,
          12,
          12,
          12,
          null,
          null,
          1,
          null,
          1,
          null,
          12,
          null,
          null,
          null,
          null,
          null,
          12,
          null,
          null,
          null,
          1,
          12,
          null,
          null,
          null,
          null,
          null,
          null
        ]
      },
      "/Users/nguyenhuuloc/Documents/pr_knowledge_hub_implementation/app/controllers/application_controller.rb": {
        "lines": [
          1,
          null,
          1,
          null
        ]
      },
      "/Users/nguyenhuuloc/Documents/pr_knowledge_hub_implementation/app/controllers/insights_controller.rb": {
        "lines": [
          1,
          1,
          19,
          19,
          null,
          null,
          19,
          null,
          null,
          19,
          null,
          null,
          null,
          null,
          null,
          null,
          1,
          13,
          12,
          null,
          null,
          1,
          null,
          1,
          19,
          3,
          null,
          null,
          1,
          12,
          null,
          10,
          null,
          null,
          null,
          null
        ]
      },
      "/Users/nguyenhuuloc/Documents/pr_knowledge_hub_implementation/app/controllers/pull_requests_controller.rb": {
        "lines": [
          1,
          1,
          18,
          18,
          18,
          null,
          null,
          null,
          18,
          18,
          null,
          null,
          1,
          12,
          11,
          null,
          null,
          null,
          null,
          11,
          null,
          null,
          null,
          null,
          null,
          11,
          null,
          null,
          1,
          null,
          7,
          null,
          null,
          null,
          null,
          null,
          7,
          null,
          null,
          1,
          null,
          1,
          18,
          2,
          null,
          null,
          1,
          18,
          2,
          null,
          null,
          1,
          18,
          null,
          null,
          1,
          18,
          null,
          null,
          1,
          11,
          11,
          null,
          10,
          null,
          null,
          null,
          null
        ]
      },
      "/Users/nguyenhuuloc/Documents/pr_knowledge_hub_implementation/app/controllers/search_controller.rb": {
        "lines": [
          1,
          1,
          44,
          44,
          null,
          44,
          42,
          null,
          20,
          null,
          10,
          null,
          10,
          null,
          2,
          null,
          null,
          2,
          null,
          null,
          44,
          null,
          null,
          1,
          null,
          1,
          20,
          null,
          null,
          null,
          null,
          null,
          1,
          10,
          null,
          null,
          null,
          null,
          1,
          10,
          null,
          null,
          null,
          null
        ]
      },
      "/Users/nguyenhuuloc/Documents/pr_knowledge_hub_implementation/app/controllers/sync/base_controller.rb": {
        "lines": [
          1,
          1,
          1,
          null,
          1,
          5,
          null,
          5,
          null,
          null,
          null,
          null,
          null,
          null,
          1,
          10,
          null,
          10,
          null,
          6,
          null,
          6,
          3,
          3,
          null,
          3,
          null,
          null,
          null,
          4,
          4,
          null,
          null,
          null,
          1,
          4,
          null,
          4,
          null,
          null,
          null,
          null,
          null,
          null,
          1,
          9,
          null,
          9,
          8,
          8,
          null,
          null,
          8,
          null,
          8,
          null,
          null,
          null,
          null,
          null,
          null,
          8,
          null,
          null,
          null,
          null,
          null,
          null,
          null,
          null,
          null,
          null,
          null,
          null,
          null,
          null,
          null,
          null,
          null,
          null,
          null,
          null,
          null
        ]
      },
      "/Users/nguyenhuuloc/Documents/pr_knowledge_hub_implementation/app/jobs/analyze_comments_job.rb": {
        "lines": [
          null,
          null,
          1,
          1,
          null,
          1,
          null,
          1,
          9,
          null,
          9,
          3,
          3,
          null,
          null,
          6,
          null,
          6,
          6,
          null,
          6,
          null,
          null
        ]
      },
      "/Users/nguyenhuuloc/Documents/pr_knowledge_hub_implementation/app/jobs/application_job.rb": {
        "lines": [
          null,
          1,
          null,
          1,
          null,
          null,
          1,
          null,
          null,
          1,
          null,
          null,
          1,
          null
        ]
      },
      "/Users/nguyenhuuloc/Documents/pr_knowledge_hub_implementation/app/services/github/client.rb": {
        "lines": [
          1,
          1,
          1,
          null,
          1,
          null,
          1,
          32,
          32,
          null,
          null,
          null,
          1,
          37,
          null,
          null,
          null,
          1,
          28,
          null,
          null,
          null,
          1,
          8,
          8,
          null,
          2,
          2,
          null,
          2,
          2,
          null,
          null,
          1,
          4,
          4,
          null,
          2,
          2,
          null,
          null,
          null,
          1,
          3,
          3,
          null,
          1,
          null,
          null,
          1,
          2,
          2,
          null,
          0,
          null,
          null,
          1,
          2,
          2,
          null,
          0,
          null,
          null,
          null,
          1,
          2,
          2,
          null,
          0,
          null,
          null,
          1,
          null,
          1,
          25,
          4,
          4,
          4,
          4,
          4,
          null,
          null,
          null,
          null
        ]
      },
      "/Users/nguyenhuuloc/Documents/pr_knowledge_hub_implementation/app/jobs/generate_insights_job.rb": {
        "lines": [
          null,
          null,
          1,
          1,
          null,
          1,
          10,
          null,
          10,
          10,
          null,
          9,
          7,
          null,
          2,
          null,
          null,
          null
        ]
      },
      "/Users/nguyenhuuloc/Documents/pr_knowledge_hub_implementation/app/jobs/sync_pull_requests_job.rb": {
        "lines": [
          null,
          null,
          1,
          1,
          null,
          null,
          null,
          1,
          28,
          null,
          28,
          null,
          18,
          18,
          13,
          null,
          null,
          4,
          4,
          4,
          null,
          null,
          3,
          3,
          3,
          null,
          null,
          3,
          null,
          null,
          null,
          2,
          2,
          null,
          null,
          3,
          3,
          3,
          null,
          null,
          1,
          null,
          1,
          22,
          20,
          null,
          null,
          null
        ]
      },
      "/Users/nguyenhuuloc/Documents/pr_knowledge_hub_implementation/app/models/ai_insight.rb": {
        "lines": [
          1,
          null,
          1,
          1,
          1,
          null,
          null,
          3,
          3,
          3,
          1,
          null,
          null,
          1,
          0,
          0,
          null,
          null
        ]
      },
      "/Users/nguyenhuuloc/Documents/pr_knowledge_hub_implementation/app/models/application_record.rb": {
        "lines": [
          1,
          1,
          null
        ]
      },
      "/Users/nguyenhuuloc/Documents/pr_knowledge_hub_implementation/app/models/comment.rb": {
        "lines": [
          1,
          1,
          1,
          1,
          null,
          null,
          1,
          1,
          null,
          null,
          3,
          13,
          8,
          null,
          null,
          1,
          1,
          null,
          null,
          null,
          null,
          null,
          null,
          1,
          24,
          null,
          null
        ]
      },
      "/Users/nguyenhuuloc/Documents/pr_knowledge_hub_implementation/app/models/comment_tag.rb": {
        "lines": [
          1,
          1,
          1,
          null,
          1,
          null
        ]
      },
      "/Users/nguyenhuuloc/Documents/pr_knowledge_hub_implementation/app/models/pull_request.rb": {
        "lines": [
          1,
          1,
          null,
          null,
          1,
          1,
          1,
          null,
          null,
          24,
          1,
          13,
          13,
          null,
          null,
          4,
          4,
          null,
          null,
          1,
          0,
          null,
          null,
          1,
          0,
          null,
          null
        ]
      },
      "/Users/nguyenhuuloc/Documents/pr_knowledge_hub_implementation/app/models/tag.rb": {
        "lines": [
          1,
          1,
          1,
          null,
          null,
          1,
          null,
          null,
          null,
          1,
          null,
          null,
          null,
          null,
          null,
          null,
          null,
          null,
          null,
          null,
          1,
          null
        ]
      },
      "/Users/nguyenhuuloc/Documents/pr_knowledge_hub_implementation/app/models/user.rb": {
        "lines": [
          1,
          null,
          null,
          1,
          null,
          null
        ]
      },
      "/Users/nguyenhuuloc/Documents/pr_knowledge_hub_implementation/app/services/ai/comment_classifier.rb": {
        "lines": [
          1,
          null,
          1,
          1,
          22,
          null,
          null,
          null,
          null,
          null,
          1,
          30,
          null,
          30,
          null,
          30,
          null,
          27,
          3,
          3,
          3,
          null,
          null,
          null,
          24,
          25,
          null,
          null,
          null,
          24,
          24,
          null,
          24,
          24,
          null,
          null,
          3,
          3,
          null,
          null,
          null,
          null,
          null,
          1,
          10,
          null,
          10,
          24,
          5,
          5,
          null,
          null,
          19,
          18,
          null,
          1,
          null,
          null,
          null,
          19,
          null,
          null,
          10,
          10,
          null,
          null,
          null,
          null,
          null,
          1,
          5,
          null,
          null,
          null,
          null,
          5,
          null,
          null,
          5,
          5,
          null,
          null,
          5,
          5,
          null,
          null,
          null
        ]
      },
      "/Users/nguyenhuuloc/Documents/pr_knowledge_hub_implementation/app/services/ai/gemini_client.rb": {
        "lines": [
          1,
          null,
          null,
          1,
          1,
          19,
          null,
          null,
          null,
          null,
          null,
          null,
          null,
          null,
          null,
          null,
          null,
          1,
          5,
          null,
          5,
          null,
          null,
          null,
          3,
          null,
          3,
          3,
          null,
          null,
          2,
          2,
          null,
          null,
          null,
          null,
          null,
          1,
          4,
          null,
          4,
          null,
          null,
          null,
          2,
          null,
          null,
          2,
          2,
          null,
          null,
          1,
          null,
          1,
          7,
          null,
          7,
          null,
          null,
          null,
          null,
          null,
          null,
          null,
          null,
          null,
          null,
          null,
          null,
          null,
          null,
          1,
          6,
          12,
          12,
          null,
          null,
          6,
          null,
          null,
          null,
          null,
          null,
          null,
          null,
          null,
          null,
          null,
          null,
          null,
          null,
          null,
          null,
          null,
          null,
          null,
          null,
          null,
          null,
          1,
          4,
          null,
          4,
          4,
          4,
          null,
          null,
          4,
          null,
          null,
          4,
          null,
          null,
          4,
          null,
          4,
          0,
          0,
          null,
          null,
          4,
          null,
          null,
          4,
          11,
          null,
          4,
          4,
          null,
          null,
          0,
          0,
          0,
          null,
          null,
          1,
          4,
          null,
          4,
          4,
          4,
          null,
          null,
          null,
          4,
          null,
          null,
          4,
          4,
          null,
          3,
          null,
          null,
          0,
          0,
          null,
          null,
          null
        ]
      },
      "/Users/nguyenhuuloc/Documents/pr_knowledge_hub_implementation/app/services/ai/insight_generator.rb": {
        "lines": [
          1,
          null,
          1,
          1,
          26,
          26,
          null,
          null,
          null,
          null,
          null,
          1,
          11,
          11,
          null,
          null,
          11,
          3,
          3,
          null,
          null,
          8,
          null,
          null,
          8,
          null,
          null,
          6,
          null,
          null,
          6,
          null,
          null,
          6,
          null,
          null,
          6,
          null,
          null,
          6,
          0,
          0,
          null,
          null,
          6,
          null,
          null,
          null,
          null,
          null,
          null,
          null,
          null,
          6,
          6,
          null,
          null,
          2,
          2,
          2,
          null,
          null,
          null,
          null,
          null,
          null,
          1,
          7,
          7,
          null,
          6,
          null,
          null,
          null,
          null,
          6,
          2,
          2,
          null,
          null,
          4,
          null,
          null,
          4,
          4,
          null,
          null,
          4,
          4,
          null,
          4,
          null,
          null,
          null,
          null,
          null,
          null,
          null,
          null,
          4,
          4,
          null,
          null,
          0,
          0,
          null,
          null,
          1,
          null,
          1,
          11,
          null,
          11,
          11,
          null,
          null,
          11,
          11,
          33,
          11,
          null,
          null,
          11,
          11,
          11,
          11,
          null,
          null,
          null,
          11,
          11,
          11,
          null,
          11,
          11,
          11,
          11,
          null,
          0,
          null,
          11,
          null,
          null,
          null,
          11,
          null,
          null,
          1,
          2,
          null,
          2,
          7,
          6,
          null,
          null,
          null,
          6,
          null,
          null,
          null
        ]
      },
      "/Users/nguyenhuuloc/Documents/pr_knowledge_hub_implementation/app/services/ai/openai_client.rb": {
        "lines": [
          1,
          null,
          null,
          1,
          1,
          14,
          null,
          null,
          null,
          null,
          null,
          null,
          1,
          6,
          null,
          6,
          null,
          null,
          null,
          null,
          null,
          null,
          null,
          null,
          null,
          null,
          null,
          2,
          null,
          2,
          2,
          null,
          null,
          4,
          null,
          null,
          4,
          2,
          2,
          null,
          null,
          2,
          null,
          null,
          null,
          null,
          null,
          1,
          3,
          null,
          3,
          null,
          null,
          null,
          null,
          null,
          null,
          null,
          null,
          null,
          null,
          null,
          3,
          3,
          null,
          null,
          0,
          0,
          null,
          null,
          null,
          null,
          null,
          1,
          2,
          null,
          2,
          null,
          null,
          null,
          null,
          null,
          null,
          null,
          null,
          null,
          null,
          null,
          2,
          2,
          null,
          null,
          0,
          0,
          null,
          null,
          1,
          null,
          1,
          12,
          null,
          null,
          null,
          null,
          null,
          null,
          1,
          21,
          null,
          7,
          7,
          7,
          null,
          null,
          7,
          null,
          null,
          null,
          null,
          null,
          null,
          null,
          null,
          null,
          null,
          null,
          null,
          null,
          null,
          null,
          1,
          3,
          6,
          6,
          null,
          null,
          3,
          null,
          null,
          null,
          null,
          null,
          null,
          null,
          null,
          null,
          null,
          null,
          null,
          null,
          null,
          null,
          null,
          1,
          2,
          null,
          null,
          null,
          null,
          null,
          null,
          null,
          null,
          null,
          null,
          null,
          null,
          1,
          null,
          3,
          3,
          null,
          2,
          null,
          null,
          0,
          0,
          null,
          null,
          1,
          null,
          2,
          2,
          null,
          2,
          null,
          null,
          0,
          0,
          null,
          null,
          null
        ]
      },
      "/Users/nguyenhuuloc/Documents/pr_knowledge_hub_implementation/app/services/github/comment_fetcher.rb": {
        "lines": [
          1,
          1,
          1,
          null,
          1,
          29,
          29,
          29,
          29,
          null,
          null,
          1,
          9,
          3,
          3,
          null,
          null,
          6,
          null,
          null,
          6,
          6,
          6,
          null,
          6,
          6,
          null,
          null,
          1,
          null,
          1,
          8,
          8,
          null,
          null,
          1,
          9,
          9,
          null,
          null,
          1,
          9,
          null,
          null,
          19,
          9,
          null,
          null,
          1,
          32,
          32,
          null,
          null,
          31,
          null,
          null,
          null,
          null,
          null,
          null,
          null,
          null,
          null,
          null,
          null,
          null,
          null,
          31,
          31,
          null,
          31,
          29,
          29,
          null,
          2,
          2,
          null,
          null,
          null,
          null,
          1,
          null,
          33,
          null,
          null,
          33,
          33,
          33,
          null,
          null,
          32,
          null,
          null,
          null
        ]
      },
      "/Users/nguyenhuuloc/Documents/pr_knowledge_hub_implementation/app/services/github/pull_request_fetcher.rb": {
        "lines": [
          1,
          1,
          1,
          null,
          1,
          23,
          23,
          23,
          null,
          null,
          1,
          13,
          13,
          null,
          11,
          null,
          null,
          1,
          5,
          null,
          5,
          6,
          null,
          null,
          null,
          1,
          null,
          1,
          null,
          17,
          null,
          null,
          null,
          null,
          null,
          null,
          null,
          null,
          null,
          null,
          null,
          null,
          null,
          null,
          null,
          null,
          null,
          null,
          null,
          null,
          17,
          17,
          null,
          17,
          15,
          15,
          null,
          2,
          2,
          null,
          null,
          null,
          1,
          19,
          17,
          null,
          null,
          null
        ]
      },
      "/Users/nguyenhuuloc/Documents/pr_knowledge_hub_implementation/app/services/github/sync_service.rb": {
        "lines": [
          1,
          1,
          1,
          null,
          1,
          30,
          30,
          null,
          30,
          null,
          null,
          null,
          1,
          8,
          null,
          8,
          null,
          null,
          8,
          null,
          null,
          8,
          8,
          null,
          8,
          null,
          8,
          null,
          null,
          8,
          null,
          null,
          null,
          null,
          null,
          null,
          1,
          13,
          13,
          null,
          13,
          null,
          13,
          13,
          null,
          null,
          null,
          1,
          7,
          8,
          null,
          null,
          null,
          null,
          1,
          18,
          18,
          null,
          2,
          null,
          null,
          null,
          1,
          5,
          null,
          null,
          5,
          null,
          null,
          5,
          null,
          5,
          null,
          10,
          10,
          null,
          null,
          10,
          null,
          null,
          null,
          null,
          1,
          0,
          null,
          0,
          null,
          null,
          0,
          0,
          null,
          0,
          null,
          null,
          0,
          0,
          null,
          0,
          null,
          0,
          null,
          null,
          null,
          1,
          null,
          0,
          null,
          null,
          null,
          null,
          null,
          null,
          null,
          null,
          null,
          null,
          null,
          null,
          1,
          null,
          1,
          9,
          1,
          null,
          null,
          null,
          null,
          null
        ]
      }
    },
    "timestamp": 1772291458
  }
}
